<?xml version="1.0" encoding="UTF-8" ?>
<testsuite tests="11" failures="0" name="ci.training.WalletServiceTest" time="0.201" errors="0" skipped="0">
  <properties>
[...]
</properties>
  <testcase classname="ci.training.WalletServiceTest" name="test_showBalance_returnsNullForInvalidAccount" time="0.189"/>
  <testcase classname="ci.training.WalletServiceTest" name="test_deposit_returnsNullForInvalidAccount" time="0.004"/>
  <testcase classname="ci.training.WalletServiceTest" name="test_deposit_amountShouldNotBeLessThanZero" time="0.001"/>
  <testcase classname="ci.training.WalletServiceTest" name="test_deposit_success" time="0.001"/>
  <testcase classname="ci.training.WalletServiceTest" name="test_showBalance_throwsExceptionForIllegalArguments" time="0.001"/>
  <testcase classname="ci.training.WalletServiceTest" name="test_showBalance_success" time="0"/>
  <testcase classname="ci.training.WalletServiceTest" name="test_createWallet_success" time="0.001"/>
  <testcase classname="ci.training.WalletServiceTest" name="test_withdraw_returnsNullForInvalidAccount" time="0.001"/>
  <testcase classname="ci.training.WalletServiceTest" name="test_withdraw_insufficientBalance" time="0.001"/>
  <testcase classname="ci.training.WalletServiceTest" name="test_withdraw_success" time="0.001"/>
  <testcase classname="ci.training.WalletServiceTest" name="test_createWallet_throwsExceptionForIlllegalArguments" time="0.001"/>
</testsuite>